<?xml version="1.0" encoding="UTF-8"?>
<coverage generated="1696096104212" clover="3.2.0">
  <project timestamp="1696096104212" name="All files">
    <metrics statements="6" coveredstatements="4" conditionals="3" coveredconditionals="2" methods="1" coveredmethods="1" elements="10" coveredelements="7" complexity="0" loc="6" ncloc="6" packages="1" files="1" classes="1"/>
    <file name="ClientError.js" path="D:\Materi Belajar\Kelas Khusus\Dicoding.com\Menjadi Back-End Developer Expert\latihan\auth-api\src\Commons\exceptions\ClientError.js">
      <metrics statements="6" coveredstatements="4" conditionals="3" coveredconditionals="2" methods="1" coveredmethods="1"/>
      <line num="3" count="1" type="stmt"/>
      <line num="5" count="1" type="cond" truecount="1" falsecount="1"/>
      <line num="6" count="1" type="stmt"/>
      <line num="9" count="0" type="stmt"/>
      <line num="10" count="0" type="stmt"/>
      <line num="14" count="1" type="stmt"/>
    </file>
  </project>
</coverage>
