{"D:\\Materi Belajar\\Kelas Khusus\\Dicoding.com\\Menjadi Back-End Developer Expert\\latihan\\auth-api\\src\\Commons\\exceptions\\AuthenticationError.js": {"path":"D:\\Materi Belajar\\Kelas Khusus\\Dicoding.com\\Menjadi Back-End Developer Expert\\latihan\\auth-api\\src\\Commons\\exceptions\\AuthenticationError.js","statementMap":{"0":{"start":{"line":1,"column":20},"end":{"line":1,"column":44}},"1":{"start":{"line":5,"column":4},"end":{"line":5,"column":24}},"2":{"start":{"line":6,"column":4},"end":{"line":6,"column":38}},"3":{"start":{"line":10,"column":0},"end":{"line":10,"column":37}}},"fnMap":{"0":{"name":"(anonymous_0)","decl":{"start":{"line":4,"column":2},"end":{"line":4,"column":3}},"loc":{"start":{"line":4,"column":23},"end":{"line":7,"column":3}},"line":4}},"branchMap":{},"s":{"0":1,"1":1,"2":1,"3":1},"f":{"0":1},"b":{},"_coverageSchema":"1a1c01bbd47fc00a2c39e90264f33305004495a9","hash":"81d5069fa5996db450a7a1b6791b3e23e0fe1156"}
,"D:\\Materi Belajar\\Kelas Khusus\\Dicoding.com\\Menjadi Back-End Developer Expert\\latihan\\auth-api\\src\\Commons\\exceptions\\ClientError.js": {"path":"D:\\Materi Belajar\\Kelas Khusus\\Dicoding.com\\Menjadi Back-End Developer Expert\\latihan\\auth-api\\src\\Commons\\exceptions\\ClientError.js","statementMap":{"0":{"start":{"line":3,"column":4},"end":{"line":3,"column":19}},"1":{"start":{"line":5,"column":4},"end":{"line":7,"column":5}},"2":{"start":{"line":6,"column":6},"end":{"line":6,"column":59}},"3":{"start":{"line":9,"column":4},"end":{"line":9,"column":33}},"4":{"start":{"line":10,"column":4},"end":{"line":10,"column":30}},"5":{"start":{"line":14,"column":0},"end":{"line":14,"column":29}}},"fnMap":{"0":{"name":"(anonymous_0)","decl":{"start":{"line":2,"column":2},"end":{"line":2,"column":3}},"loc":{"start":{"line":2,"column":41},"end":{"line":11,"column":3}},"line":2}},"branchMap":{"0":{"loc":{"start":{"line":2,"column":23},"end":{"line":2,"column":39}},"type":"default-arg","locations":[{"start":{"line":2,"column":36},"end":{"line":2,"column":39}}],"line":2},"1":{"loc":{"start":{"line":5,"column":4},"end":{"line":7,"column":5}},"type":"if","locations":[{"start":{"line":5,"column":4},"end":{"line":7,"column":5}},{"start":{},"end":{}}],"line":5}},"s":{"0":4,"1":4,"2":1,"3":3,"4":3,"5":4},"f":{"0":4},"b":{"0":[2],"1":[1,3]},"_coverageSchema":"1a1c01bbd47fc00a2c39e90264f33305004495a9","hash":"f6efe76ed0fd348d26faf0fc99687761b66c2a86"}
,"D:\\Materi Belajar\\Kelas Khusus\\Dicoding.com\\Menjadi Back-End Developer Expert\\latihan\\auth-api\\src\\Commons\\exceptions\\InvariantError.js": {"path":"D:\\Materi Belajar\\Kelas Khusus\\Dicoding.com\\Menjadi Back-End Developer Expert\\latihan\\auth-api\\src\\Commons\\exceptions\\InvariantError.js","statementMap":{"0":{"start":{"line":1,"column":20},"end":{"line":1,"column":44}},"1":{"start":{"line":5,"column":4},"end":{"line":5,"column":19}},"2":{"start":{"line":6,"column":4},"end":{"line":6,"column":33}},"3":{"start":{"line":10,"column":0},"end":{"line":10,"column":32}}},"fnMap":{"0":{"name":"(anonymous_0)","decl":{"start":{"line":4,"column":2},"end":{"line":4,"column":3}},"loc":{"start":{"line":4,"column":23},"end":{"line":7,"column":3}},"line":4}},"branchMap":{},"s":{"0":1,"1":1,"2":1,"3":1},"f":{"0":1},"b":{},"_coverageSchema":"1a1c01bbd47fc00a2c39e90264f33305004495a9","hash":"66864947b05e445a09fecae8c5ad20f7a97f7bf6"}
,"D:\\Materi Belajar\\Kelas Khusus\\Dicoding.com\\Menjadi Back-End Developer Expert\\latihan\\auth-api\\src\\Commons\\exceptions\\NotFoundError.js": {"path":"D:\\Materi Belajar\\Kelas Khusus\\Dicoding.com\\Menjadi Back-End Developer Expert\\latihan\\auth-api\\src\\Commons\\exceptions\\NotFoundError.js","statementMap":{"0":{"start":{"line":1,"column":20},"end":{"line":1,"column":44}},"1":{"start":{"line":5,"column":4},"end":{"line":5,"column":24}},"2":{"start":{"line":6,"column":4},"end":{"line":6,"column":32}},"3":{"start":{"line":10,"column":0},"end":{"line":10,"column":31}}},"fnMap":{"0":{"name":"(anonymous_0)","decl":{"start":{"line":4,"column":2},"end":{"line":4,"column":3}},"loc":{"start":{"line":4,"column":23},"end":{"line":7,"column":3}},"line":4}},"branchMap":{},"s":{"0":1,"1":1,"2":1,"3":1},"f":{"0":1},"b":{},"_coverageSchema":"1a1c01bbd47fc00a2c39e90264f33305004495a9","hash":"4a130bfbddc25d46d3eb666f8c6a8f341fe406c7"}
}
